-------------------------------------------------------------------------------
Test set: com.paytech.SoapWebServicespringboot.SoapWebServiceSpringbootApplicationTests
-------------------------------------------------------------------------------
Tests run: 1, Failures: 0, Errors: 1, Skipped: 0, Time elapsed: 3.003 s <<< FAILURE! - in com.paytech.SoapWebServicespringboot.SoapWebServiceSpringbootApplicationTests
contextLoads  Time elapsed: 0.011 s  <<< ERROR!
java.lang.IllegalStateException: Failed to load ApplicationContext
Caused by: org.springframework.beans.factory.UnsatisfiedDependencyException: Error creating bean with name 'sekolah' defined in class path resource [com/paytech/SoapWebServicespringboot/Konfigurasi/KonfigurasiSoap.class]: Unsatisfied dependency expressed through method 'defaultWsdl11Definition' parameter 0; nested exception is org.springframework.beans.factory.BeanCreationException: Error creating bean with name 'countriesSchema' defined in class path resource [com/paytech/SoapWebServicespringboot/Konfigurasi/KonfigurasiSoap.class]: Invocation of init method failed; nested exception is java.lang.IllegalArgumentException: class path resource [sekolah.xsd] has no targetNamespace
Caused by: org.springframework.beans.factory.BeanCreationException: Error creating bean with name 'countriesSchema' defined in class path resource [com/paytech/SoapWebServicespringboot/Konfigurasi/KonfigurasiSoap.class]: Invocation of init method failed; nested exception is java.lang.IllegalArgumentException: class path resource [sekolah.xsd] has no targetNamespace
Caused by: java.lang.IllegalArgumentException: class path resource [sekolah.xsd] has no targetNamespace

